<?xml version="1.0" encoding="UTF-8"?>
<testsuite xmlns:xsi="http://www.w3.org/2001/XMLSchema-instance" xsi:noNamespaceSchemaLocation="https://maven.apache.org/surefire/maven-surefire-plugin/xsd/surefire-test-report.xsd" name="TestSuite" time="167.698" tests="8" errors="0" skipped="0" failures="3">
  <properties>
[...]
</properties>
  <testcase name="feature" classname="com.runners.RunnerClass" time="48.834"/>
  <testcase name="feature" classname="com.runners.RunnerClass" time="23.673"/>
  <testcase name="feature" classname="com.runners.RunnerClass" time="25.138"/>
  <testcase name="feature" classname="com.runners.RunnerClass" time="18.6">
    <failure message="org.openqa.selenium.NoSuchElementException: no such element: Unable to locate element: {&quot;method&quot;:&quot;xpath&quot;,&quot;selector&quot;:&quot;//input[@id=&apos;brand_facet-Samsung-1&apos;]&quot;}&#10;  (Session info: chrome=111.0.5563.65)&#10;For documentation on this error, please visit: http://seleniumhq.org/exceptions/no_such_element.html&#10;Build info: version: &apos;3.12.0&apos;, revision: &apos;7c6e0b3&apos;, time: &apos;2018-05-08T14:04:26.12Z&apos;&#10;System info: host: &apos;PAUL-HP&apos;, ip: &apos;192.168.1.51&apos;, os.name: &apos;Windows 10&apos;, os.arch: &apos;amd64&apos;, os.version: &apos;10.0&apos;, java.version: &apos;1.8.0_202&apos;&#10;Driver info: org.openqa.selenium.chrome.ChromeDriver&#10;Capabilities {acceptInsecureCerts: false, browserName: chrome, browserVersion: 111.0.5563.65, chrome: {chromedriverVersion: 111.0.5563.64 (c710e93d5b63..., userDataDir: C:\Users\paulb\AppData\Loca...}, goog:chromeOptions: {debuggerAddress: localhost:62221}, javascriptEnabled: true, networkConnectionEnabled: false, pageLoadStrategy: normal, platform: WINDOWS, platformName: WINDOWS, proxy: Proxy(), setWindowRect: true, strictFileInteractability: false, timeouts: {implicit: 0, pageLoad: 300000, script: 30000}, unhandledPromptBehavior: dismiss and notify, webauthn:extension:credBlob: true, webauthn:extension:largeBlob: true, webauthn:extension:minPinLength: true, webauthn:extension:prf: true, webauthn:virtualAuthenticators: true}&#10;Session ID: 4436dd42e499444ece6118e29cf12bc3&#10;*** Element info: {Using=xpath, value=//input[@id=&apos;brand_facet-Samsung-1&apos;]}" type="cucumber.runtime.CucumberException">cucumber.runtime.CucumberException: 
org.openqa.selenium.NoSuchElementException: no such element: Unable to locate element: {"method":"xpath","selector":"//input[@id='brand_facet-Samsung-1']"}
  (Session info: chrome=111.0.5563.65)
For documentation on this error, please visit: http://seleniumhq.org/exceptions/no_such_element.html
Build info: version: '3.12.0', revision: '7c6e0b3', time: '2018-05-08T14:04:26.12Z'
System info: host: 'PAUL-HP', ip: '192.168.1.51', os.name: 'Windows 10', os.arch: 'amd64', os.version: '10.0', java.version: '1.8.0_202'
Driver info: org.openqa.selenium.chrome.ChromeDriver
Capabilities {acceptInsecureCerts: false, browserName: chrome, browserVersion: 111.0.5563.65, chrome: {chromedriverVersion: 111.0.5563.64 (c710e93d5b63..., userDataDir: C:\Users\paulb\AppData\Loca...}, goog:chromeOptions: {debuggerAddress: localhost:62221}, javascriptEnabled: true, networkConnectionEnabled: false, pageLoadStrategy: normal, platform: WINDOWS, platformName: WINDOWS, proxy: Proxy(), setWindowRect: true, strictFileInteractability: false, timeouts: {implicit: 0, pageLoad: 300000, script: 30000}, unhandledPromptBehavior: dismiss and notify, webauthn:extension:credBlob: true, webauthn:extension:largeBlob: true, webauthn:extension:minPinLength: true, webauthn:extension:prf: true, webauthn:virtualAuthenticators: true}
Session ID: 4436dd42e499444ece6118e29cf12bc3
*** Element info: {Using=xpath, value=//input[@id='brand_facet-Samsung-1']}
Caused by: org.openqa.selenium.NoSuchElementException: 
no such element: Unable to locate element: {"method":"xpath","selector":"//input[@id='brand_facet-Samsung-1']"}
  (Session info: chrome=111.0.5563.65)
For documentation on this error, please visit: http://seleniumhq.org/exceptions/no_such_element.html
Build info: version: '3.12.0', revision: '7c6e0b3', time: '2018-05-08T14:04:26.12Z'
System info: host: 'PAUL-HP', ip: '192.168.1.51', os.name: 'Windows 10', os.arch: 'amd64', os.version: '10.0', java.version: '1.8.0_202'
Driver info: org.openqa.selenium.chrome.ChromeDriver
Capabilities {acceptInsecureCerts: false, browserName: chrome, browserVersion: 111.0.5563.65, chrome: {chromedriverVersion: 111.0.5563.64 (c710e93d5b63..., userDataDir: C:\Users\paulb\AppData\Loca...}, goog:chromeOptions: {debuggerAddress: localhost:62221}, javascriptEnabled: true, networkConnectionEnabled: false, pageLoadStrategy: normal, platform: WINDOWS, platformName: WINDOWS, proxy: Proxy(), setWindowRect: true, strictFileInteractability: false, timeouts: {implicit: 0, pageLoad: 300000, script: 30000}, unhandledPromptBehavior: dismiss and notify, webauthn:extension:credBlob: true, webauthn:extension:largeBlob: true, webauthn:extension:minPinLength: true, webauthn:extension:prf: true, webauthn:virtualAuthenticators: true}
Session ID: 4436dd42e499444ece6118e29cf12bc3
*** Element info: {Using=xpath, value=//input[@id='brand_facet-Samsung-1']}
</failure>
    <system-out><![CDATA[@regression @smoke @us-248
Feature: Bestbuy Cart Functionality
  
  Description: User should able to add items in cart
---->>>> Initializing Driver....
TEst Scenario Name: Bestbuy cart functionality

  Background:                   # BestbyCartDropDown.feature:6
    Given Open Bestbuy Homepage # BestbuyHomepageSteps.open_Bestbuy_Homepage()
>>>>>>>> Screenshot Taken >>>>>>>>
 ------Test Complete, Browser Closed 

  Scenario: Bestbuy cart functionality   # BestbyCartDropDown.feature:9
    Given Search for Phones              # BestbuyHomepageSteps.search_for_Phones()
    When Select the category             # BestbuySearchingSteps.select_the_category()
    And Select brand                     # BestbuySearchingSteps.select_brand()
      org.openqa.selenium.NoSuchElementException: no such element: Unable to locate element: {"method":"xpath","selector":"//input[@id='brand_facet-Samsung-1']"}
        (Session info: chrome=111.0.5563.65)
      For documentation on this error, please visit: http://seleniumhq.org/exceptions/no_such_element.html
      Build info: version: '3.12.0', revision: '7c6e0b3', time: '2018-05-08T14:04:26.12Z'
      System info: host: 'PAUL-HP', ip: '192.168.1.51', os.name: 'Windows 10', os.arch: 'amd64', os.version: '10.0', java.version: '1.8.0_202'
      Driver info: org.openqa.selenium.chrome.ChromeDriver
      Capabilities {acceptInsecureCerts: false, browserName: chrome, browserVersion: 111.0.5563.65, chrome: {chromedriverVersion: 111.0.5563.64 (c710e93d5b63..., userDataDir: C:\Users\paulb\AppData\Loca...}, goog:chromeOptions: {debuggerAddress: localhost:62221}, javascriptEnabled: true, networkConnectionEnabled: false, pageLoadStrategy: normal, platform: WINDOWS, platformName: WINDOWS, proxy: Proxy(), setWindowRect: true, strictFileInteractability: false, timeouts: {implicit: 0, pageLoad: 300000, script: 30000}, unhandledPromptBehavior: dismiss and notify, webauthn:extension:credBlob: true, webauthn:extension:largeBlob: true, webauthn:extension:minPinLength: true, webauthn:extension:prf: true, webauthn:virtualAuthenticators: true}
      Session ID: 4436dd42e499444ece6118e29cf12bc3
      *** Element info: {Using=xpath, value=//input[@id='brand_facet-Samsung-1']}
      	at sun.reflect.NativeConstructorAccessorImpl.newInstance0(Native Method)
      	at sun.reflect.NativeConstructorAccessorImpl.newInstance(Unknown Source)
      	at sun.reflect.DelegatingConstructorAccessorImpl.newInstance(Unknown Source)
      	at java.lang.reflect.Constructor.newInstance(Unknown Source)
      	at org.openqa.selenium.remote.http.W3CHttpResponseCodec.createException(W3CHttpResponseCodec.java:187)
      	at org.openqa.selenium.remote.http.W3CHttpResponseCodec.decode(W3CHttpResponseCodec.java:122)
      	at org.openqa.selenium.remote.http.W3CHttpResponseCodec.decode(W3CHttpResponseCodec.java:49)
      	at org.openqa.selenium.remote.HttpCommandExecutor.execute(HttpCommandExecutor.java:158)
      	at org.openqa.selenium.remote.service.DriverCommandExecutor.execute(DriverCommandExecutor.java:83)
      	at org.openqa.selenium.remote.RemoteWebDriver.execute(RemoteWebDriver.java:543)
      	at org.openqa.selenium.remote.RemoteWebDriver.findElement(RemoteWebDriver.java:317)
      	at org.openqa.selenium.remote.RemoteWebDriver.findElementByXPath(RemoteWebDriver.java:419)
      	at org.openqa.selenium.By$ByXPath.findElement(By.java:353)
      	at org.openqa.selenium.remote.RemoteWebDriver.findElement(RemoteWebDriver.java:309)
      	at org.openqa.selenium.support.pagefactory.DefaultElementLocator.findElement(DefaultElementLocator.java:69)
      	at org.openqa.selenium.support.pagefactory.internal.LocatingElementHandler.invoke(LocatingElementHandler.java:38)
      	at com.sun.proxy.$Proxy19.click(Unknown Source)
      	at com.ebay.pageAction.BestbuySearchingActions.SelectBrand(BestbuySearchingActions.java:48)
      	at com.ebay.stepDef.BestbuySearchingSteps.select_brand(BestbuySearchingSteps.java:33)
      	at ?.And Select brand(BestbyCartDropDown.feature:12)

    And Select Carrier Compatibility     # BestbuySearchingSteps.select_Carrier_Compatibility()
    And Select Condition                 # BestbuySearchingSteps.select_Condition()
    And Select Model Family              # BestbuySearchingSteps.select_Model_Family()
    And Select Internal Storage Capacity # BestbuySearchingSteps.select_Internal_Storage_Capacity()
    And Select Features                  # BestbuySearchingSteps.select_Features()
    And Select Color                     # BestbuySearchingSteps.select_Color()
    And Select Operating System          # BestbuySearchingSteps.select_Operating_System()
    Then See details                     # BestbuySearchingSteps.see_details()
    And Add to cart                      # BestbuySearchingSteps.add_to_cart()
]]></system-out>
    <system-err><![CDATA[Starting ChromeDriver 111.0.5563.64 (c710e93d5b63b7095afe8c2c17df34408078439d-refs/branch-heads/5563@{#995}) on port 7789
Only local connections are allowed.
Please see https://chromedriver.chromium.org/security-considerations for suggestions on keeping ChromeDriver safe.
ChromeDriver was started successfully.
Mar 21, 2023 8:33:19 PM org.openqa.selenium.remote.ProtocolHandshake createSession
INFO: Detected dialect: W3C
]]></system-err>
  </testcase>
  <testcase name="feature" classname="com.runners.RunnerClass" time="15.271">
    <failure message="java.lang.NullPointerException" type="cucumber.runtime.CucumberException">cucumber.runtime.CucumberException: java.lang.NullPointerException
Caused by: java.lang.NullPointerException
</failure>
    <system-out><![CDATA[@regression @smoke @us-248
Feature: Ebay laptop Cart Functionality
  
  Description: User should able to cart laptop
---->>>> Initializing Driver....
TEst Scenario Name: Ebay cart functionality
>>>>>>>> Screenshot Taken >>>>>>>>
 ------Test Complete, Browser Closed 

  Scenario: Ebay cart functionality     # EbayCart.feature:6
    Given Open Ebay Homepage            # EbayHomepageSteps.open_Ebay_Homepage()
    And Search for a laptop             # EbayHomepageSteps.search_for_a_laptop()
    When Select first laptop            # EbaySearchResultSteps.select_first_laptop()
    And Select Quantity                 # EbayCartSteps.select_Quantity()
      java.lang.NullPointerException
      	at com.ebay.stepDef.EbayCartSteps.select_Quantity(EbayCartSteps.java:14)
      	at ?.And Select Quantity(EbayCart.feature:10)

    Then Should able to cart the laptop # EbayCartSteps.should_able_to_cart_the_laptop()
]]></system-out>
    <system-err><![CDATA[Starting ChromeDriver 111.0.5563.64 (c710e93d5b63b7095afe8c2c17df34408078439d-refs/branch-heads/5563@{#995}) on port 22849
Only local connections are allowed.
Please see https://chromedriver.chromium.org/security-considerations for suggestions on keeping ChromeDriver safe.
ChromeDriver was started successfully.
Mar 21, 2023 8:33:37 PM org.openqa.selenium.remote.ProtocolHandshake createSession
INFO: Detected dialect: W3C
]]></system-err>
  </testcase>
  <testcase name="feature" classname="com.runners.RunnerClass" time="17.236">
    <failure message="org.openqa.selenium.NoSuchElementException: no such element: Unable to locate element: {&quot;method&quot;:&quot;xpath&quot;,&quot;selector&quot;:&quot;//*[@id=&quot;s0-27_1-9-0-1[3]-0-0&quot;]/ul/li[9]/div[1]/div[2]/a/h3&quot;}&#10;  (Session info: chrome=111.0.5563.65)&#10;For documentation on this error, please visit: http://seleniumhq.org/exceptions/no_such_element.html&#10;Build info: version: &apos;3.12.0&apos;, revision: &apos;7c6e0b3&apos;, time: &apos;2018-05-08T14:04:26.12Z&apos;&#10;System info: host: &apos;PAUL-HP&apos;, ip: &apos;192.168.1.51&apos;, os.name: &apos;Windows 10&apos;, os.arch: &apos;amd64&apos;, os.version: &apos;10.0&apos;, java.version: &apos;1.8.0_202&apos;&#10;Driver info: org.openqa.selenium.chrome.ChromeDriver&#10;Capabilities {acceptInsecureCerts: false, browserName: chrome, browserVersion: 111.0.5563.65, chrome: {chromedriverVersion: 111.0.5563.64 (c710e93d5b63..., userDataDir: C:\Users\paulb\AppData\Loca...}, goog:chromeOptions: {debuggerAddress: localhost:62577}, javascriptEnabled: true, networkConnectionEnabled: false, pageLoadStrategy: normal, platform: WINDOWS, platformName: WINDOWS, proxy: Proxy(), setWindowRect: true, strictFileInteractability: false, timeouts: {implicit: 0, pageLoad: 300000, script: 30000}, unhandledPromptBehavior: dismiss and notify, webauthn:extension:credBlob: true, webauthn:extension:largeBlob: true, webauthn:extension:minPinLength: true, webauthn:extension:prf: true, webauthn:virtualAuthenticators: true}&#10;Session ID: de59c73bd1f4c29cb8b283fb4b8681c0&#10;*** Element info: {Using=xpath, value=//*[@id=&quot;s0-27_1-9-0-1[3]-0-0&quot;]/ul/li[9]/div[1]/div[2]/a/h3}" type="cucumber.runtime.CucumberException">cucumber.runtime.CucumberException: 
org.openqa.selenium.NoSuchElementException: no such element: Unable to locate element: {"method":"xpath","selector":"//*[@id="s0-27_1-9-0-1[3]-0-0"]/ul/li[9]/div[1]/div[2]/a/h3"}
  (Session info: chrome=111.0.5563.65)
For documentation on this error, please visit: http://seleniumhq.org/exceptions/no_such_element.html
Build info: version: '3.12.0', revision: '7c6e0b3', time: '2018-05-08T14:04:26.12Z'
System info: host: 'PAUL-HP', ip: '192.168.1.51', os.name: 'Windows 10', os.arch: 'amd64', os.version: '10.0', java.version: '1.8.0_202'
Driver info: org.openqa.selenium.chrome.ChromeDriver
Capabilities {acceptInsecureCerts: false, browserName: chrome, browserVersion: 111.0.5563.65, chrome: {chromedriverVersion: 111.0.5563.64 (c710e93d5b63..., userDataDir: C:\Users\paulb\AppData\Loca...}, goog:chromeOptions: {debuggerAddress: localhost:62577}, javascriptEnabled: true, networkConnectionEnabled: false, pageLoadStrategy: normal, platform: WINDOWS, platformName: WINDOWS, proxy: Proxy(), setWindowRect: true, strictFileInteractability: false, timeouts: {implicit: 0, pageLoad: 300000, script: 30000}, unhandledPromptBehavior: dismiss and notify, webauthn:extension:credBlob: true, webauthn:extension:largeBlob: true, webauthn:extension:minPinLength: true, webauthn:extension:prf: true, webauthn:virtualAuthenticators: true}
Session ID: de59c73bd1f4c29cb8b283fb4b8681c0
*** Element info: {Using=xpath, value=//*[@id="s0-27_1-9-0-1[3]-0-0"]/ul/li[9]/div[1]/div[2]/a/h3}
Caused by: org.openqa.selenium.NoSuchElementException: 
no such element: Unable to locate element: {"method":"xpath","selector":"//*[@id="s0-27_1-9-0-1[3]-0-0"]/ul/li[9]/div[1]/div[2]/a/h3"}
  (Session info: chrome=111.0.5563.65)
For documentation on this error, please visit: http://seleniumhq.org/exceptions/no_such_element.html
Build info: version: '3.12.0', revision: '7c6e0b3', time: '2018-05-08T14:04:26.12Z'
System info: host: 'PAUL-HP', ip: '192.168.1.51', os.name: 'Windows 10', os.arch: 'amd64', os.version: '10.0', java.version: '1.8.0_202'
Driver info: org.openqa.selenium.chrome.ChromeDriver
Capabilities {acceptInsecureCerts: false, browserName: chrome, browserVersion: 111.0.5563.65, chrome: {chromedriverVersion: 111.0.5563.64 (c710e93d5b63..., userDataDir: C:\Users\paulb\AppData\Loca...}, goog:chromeOptions: {debuggerAddress: localhost:62577}, javascriptEnabled: true, networkConnectionEnabled: false, pageLoadStrategy: normal, platform: WINDOWS, platformName: WINDOWS, proxy: Proxy(), setWindowRect: true, strictFileInteractability: false, timeouts: {implicit: 0, pageLoad: 300000, script: 30000}, unhandledPromptBehavior: dismiss and notify, webauthn:extension:credBlob: true, webauthn:extension:largeBlob: true, webauthn:extension:minPinLength: true, webauthn:extension:prf: true, webauthn:virtualAuthenticators: true}
Session ID: de59c73bd1f4c29cb8b283fb4b8681c0
*** Element info: {Using=xpath, value=//*[@id="s0-27_1-9-0-1[3]-0-0"]/ul/li[9]/div[1]/div[2]/a/h3}
</failure>
    <system-out><![CDATA[@regression @smoke @us-248
Feature: Ebay Cart Functionality
  
  Description: User should able to cart product by category
---->>>> Initializing Driver....
TEst Scenario Name: Ebay cart functionality
>>>>>>>> Screenshot Taken >>>>>>>>
 ------Test Complete, Browser Closed 

  Scenario: Ebay cart functionality                                           # EbaySearch.feature:6
    Given Open Ebay Homepage                                                  # EbayHomepageSteps.open_Ebay_Homepage()
    And Select Shop by category and user should be category page              # EbayHomepageSteps.select_Shop_by_category_and_user_should_be_category_page()
    And Select the category for products user should see product related page # EbayHomepageSteps.select_the_category_for_products_user_should_see_product_related_page()
    When Select brand from product brand user see product related brand       # EbaySearchResultSteps.select_product_from_product_brand_user_see_brand_related_product()
    And Select the product                                                    # EbaySearchResultSteps.select_the_product()
      org.openqa.selenium.NoSuchElementException: no such element: Unable to locate element: {"method":"xpath","selector":"//*[@id="s0-27_1-9-0-1[3]-0-0"]/ul/li[9]/div[1]/div[2]/a/h3"}
        (Session info: chrome=111.0.5563.65)
      For documentation on this error, please visit: http://seleniumhq.org/exceptions/no_such_element.html
      Build info: version: '3.12.0', revision: '7c6e0b3', time: '2018-05-08T14:04:26.12Z'
      System info: host: 'PAUL-HP', ip: '192.168.1.51', os.name: 'Windows 10', os.arch: 'amd64', os.version: '10.0', java.version: '1.8.0_202'
      Driver info: org.openqa.selenium.chrome.ChromeDriver
      Capabilities {acceptInsecureCerts: false, browserName: chrome, browserVersion: 111.0.5563.65, chrome: {chromedriverVersion: 111.0.5563.64 (c710e93d5b63..., userDataDir: C:\Users\paulb\AppData\Loca...}, goog:chromeOptions: {debuggerAddress: localhost:62577}, javascriptEnabled: true, networkConnectionEnabled: false, pageLoadStrategy: normal, platform: WINDOWS, platformName: WINDOWS, proxy: Proxy(), setWindowRect: true, strictFileInteractability: false, timeouts: {implicit: 0, pageLoad: 300000, script: 30000}, unhandledPromptBehavior: dismiss and notify, webauthn:extension:credBlob: true, webauthn:extension:largeBlob: true, webauthn:extension:minPinLength: true, webauthn:extension:prf: true, webauthn:virtualAuthenticators: true}
      Session ID: de59c73bd1f4c29cb8b283fb4b8681c0
      *** Element info: {Using=xpath, value=//*[@id="s0-27_1-9-0-1[3]-0-0"]/ul/li[9]/div[1]/div[2]/a/h3}
      	at sun.reflect.NativeConstructorAccessorImpl.newInstance0(Native Method)
      	at sun.reflect.NativeConstructorAccessorImpl.newInstance(Unknown Source)
      	at sun.reflect.DelegatingConstructorAccessorImpl.newInstance(Unknown Source)
      	at java.lang.reflect.Constructor.newInstance(Unknown Source)
      	at org.openqa.selenium.remote.http.W3CHttpResponseCodec.createException(W3CHttpResponseCodec.java:187)
      	at org.openqa.selenium.remote.http.W3CHttpResponseCodec.decode(W3CHttpResponseCodec.java:122)
      	at org.openqa.selenium.remote.http.W3CHttpResponseCodec.decode(W3CHttpResponseCodec.java:49)
      	at org.openqa.selenium.remote.HttpCommandExecutor.execute(HttpCommandExecutor.java:158)
      	at org.openqa.selenium.remote.service.DriverCommandExecutor.execute(DriverCommandExecutor.java:83)
      	at org.openqa.selenium.remote.RemoteWebDriver.execute(RemoteWebDriver.java:543)
      	at org.openqa.selenium.remote.RemoteWebDriver.findElement(RemoteWebDriver.java:317)
      	at org.openqa.selenium.remote.RemoteWebDriver.findElementByXPath(RemoteWebDriver.java:419)
      	at org.openqa.selenium.By$ByXPath.findElement(By.java:353)
      	at org.openqa.selenium.remote.RemoteWebDriver.findElement(RemoteWebDriver.java:309)
      	at org.openqa.selenium.support.pagefactory.DefaultElementLocator.findElement(DefaultElementLocator.java:69)
      	at org.openqa.selenium.support.pagefactory.internal.LocatingElementHandler.invoke(LocatingElementHandler.java:38)
      	at com.sun.proxy.$Proxy19.isDisplayed(Unknown Source)
      	at com.ebay.pageAction.EbaySearchResultActions.SelectProduct(EbaySearchResultActions.java:30)
      	at com.ebay.stepDef.EbaySearchResultSteps.select_the_product(EbaySearchResultSteps.java:20)
      	at ?.And Select the product(EbaySearch.feature:11)

    And Select quantity                                                       # EbaySearchResultSteps.select_quantity()
    Then user should able to cart the product                                 # EbaySearchResultSteps.user_should_able_to_cart_the_product()
]]></system-out>
    <system-err><![CDATA[Starting ChromeDriver 111.0.5563.64 (c710e93d5b63b7095afe8c2c17df34408078439d-refs/branch-heads/5563@{#995}) on port 47821
Only local connections are allowed.
Please see https://chromedriver.chromium.org/security-considerations for suggestions on keeping ChromeDriver safe.
ChromeDriver was started successfully.
Mar 21, 2023 8:33:52 PM org.openqa.selenium.remote.ProtocolHandshake createSession
INFO: Detected dialect: W3C
]]></system-err>
  </testcase>
  <testcase name="feature" classname="com.runners.RunnerClass" time="9.782"/>
  <testcase name="feature" classname="com.runners.RunnerClass" time="8.26"/>
</testsuite>